<?xml version="1.0" encoding="UTF-8"?>
<testng-results ignored="0" total="1" passed="1" failed="0" skipped="0">
  <reporter-output>
  </reporter-output>
  <suite started-at="2021-05-12T11:15:47Z" name="Default suite" finished-at="2021-05-12T11:16:03Z" duration-ms="15463">
    <groups>
    </groups>
    <test started-at="2021-05-12T11:15:47Z" name="Default test" finished-at="2021-05-12T11:16:03Z" duration-ms="15463">
      <class name="com.herokuapp.theinternet.Search">
        <test-method signature="TestSelenium()[pri:0, instance:com.herokuapp.theinternet.Search@5170bcf4]" started-at="2021-05-12T11:15:47Z" name="TestSelenium" finished-at="2021-05-12T11:16:03Z" duration-ms="15342" status="PASS">
          <reporter-output>
          </reporter-output>
        </test-method> <!-- TestSelenium -->
      </class> <!-- com.herokuapp.theinternet.Search -->
    </test> <!-- Default test -->
  </suite> <!-- Default suite -->
</testng-results>
